# JRE version: OpenJDK Runtime Environment (21.0.10) (build 21.0.10+-14961533-b1163.108)
# Java VM: OpenJDK 64-Bit Server VM (21.0.10+-14961533-b1163.108, mixed mode, tiered, compressed oops, compressed class ptrs, g1 gc, windows-amd64)
GC Precious Log:
 CardTable entry size: 512
 Card Set container configuration: InlinePtr #cards 5 size 8 Array Of Cards #cards 12 size 40 Howl #buckets 4 coarsen threshold 1843 Howl Bitmap #cards 512 size 80 coarsen threshold 460 Card regions per heap region 1 cards per card region 2048
 CPUs: 16 total, 16 available
 Memory: 16068M
 Large Page Support: Disabled
 NUMA Support: Disabled
 Compressed Oops: Enabled (32-bit)
 Heap Region Size: 1M
 Heap Min Capacity: 8M
 Heap Initial Capacity: 252M
 Heap Max Capacity: 2G
 Pre-touch: Disabled
 Parallel Workers: 13
 Concurrent Workers: 3
 Concurrent Refinement Workers: 13
 Periodic GC: Disabled
Heap:
 garbage-first heap   total 89088K, used 42846K [0x0000000080000000, 0x0000000100000000)
  region size 1024K, 12 young (12288K), 4 survivors (4096K)
 Metaspace       used 54771K, committed 56256K, reserved 1114112K
  class space    used 7702K, committed 8448K, reserved 1048576K
GC Heap History (18 events):
Event: 0.534 GC heap before
{Heap before GC invocations=0 (full 0):
 garbage-first heap   total 258048K, used 23552K [0x0000000080000000, 0x0000000100000000)
  region size 1024K, 23 young (23552K), 0 survivors (0K)
 Metaspace       used 7890K, committed 8000K, reserved 1114112K
  class space    used 733K, committed 768K, reserved 1048576K
}
Event: 0.538 GC heap after
{Heap after GC invocations=1 (full 0):
 garbage-first heap   total 258048K, used 1517K [0x0000000080000000, 0x0000000100000000)
  region size 1024K, 2 young (2048K), 2 survivors (2048K)
 Metaspace       used 7890K, committed 8000K, reserved 1114112K
  class space    used 733K, committed 768K, reserved 1048576K
}
Event: 1.227 GC heap before
{Heap before GC invocations=1 (full 0):
 garbage-first heap   total 258048K, used 41453K [0x0000000080000000, 0x0000000100000000)
  region size 1024K, 38 young (38912K), 2 survivors (2048K)
 Metaspace       used 11892K, committed 12032K, reserved 1114112K
  class space    used 1272K, committed 1344K, reserved 1048576K
}
Event: 1.234 GC heap after
{Heap after GC invocations=2 (full 0):
 garbage-first heap   total 258048K, used 11093K [0x0000000080000000, 0x0000000100000000)
  region size 1024K, 5 young (5120K), 5 survivors (5120K)
 Metaspace       used 11892K, committed 12032K, reserved 1114112K
  class space    used 1272K, committed 1344K, reserved 1048576K
}
Event: 2.627 GC heap before
{Heap before GC invocations=2 (full 0):
 garbage-first heap   total 258048K, used 157525K [0x0000000080000000, 0x0000000100000000)
  region size 1024K, 147 young (150528K), 5 survivors (5120K)
 Metaspace       used 21176K, committed 21504K, reserved 1114112K
  class space    used 2462K, committed 2624K, reserved 1048576K
}
Event: 2.639 GC heap after
{Heap after GC invocations=3 (full 0):
 garbage-first heap   total 258048K, used 21333K [0x0000000080000000, 0x0000000100000000)
  region size 1024K, 14 young (14336K), 14 survivors (14336K)
 Metaspace       used 21176K, committed 21504K, reserved 1114112K
  class space    used 2462K, committed 2624K, reserved 1048576K
}
Event: 3.950 GC heap before
{Heap before GC invocations=4 (full 0):
 garbage-first heap   total 71680K, used 70485K [0x0000000080000000, 0x0000000100000000)
  region size 1024K, 61 young (62464K), 14 survivors (14336K)
 Metaspace       used 29497K, committed 30016K, reserved 1114112K
  class space    used 3636K, committed 3904K, reserved 1048576K
}
Event: 3.960 GC heap after
{Heap after GC invocations=5 (full 0):
 garbage-first heap   total 89088K, used 23241K [0x0000000080000000, 0x0000000100000000)
  region size 1024K, 11 young (11264K), 11 survivors (11264K)
 Metaspace       used 29497K, committed 30016K, reserved 1114112K
  class space    used 3636K, committed 3904K, reserved 1048576K
}
Event: 4.938 GC heap before
{Heap before GC invocations=5 (full 0):
 garbage-first heap   total 89088K, used 65225K [0x0000000080000000, 0x0000000100000000)
  region size 1024K, 52 young (53248K), 11 survivors (11264K)
 Metaspace       used 35059K, committed 35776K, reserved 1114112K
  class space    used 4572K, committed 4928K, reserved 1048576K
}
Event: 4.945 GC heap after
{Heap after GC invocations=6 (full 0):
 garbage-first heap   total 89088K, used 25755K [0x0000000080000000, 0x0000000100000000)
  region size 1024K, 6 young (6144K), 6 survivors (6144K)
 Metaspace       used 35059K, committed 35776K, reserved 1114112K
  class space    used 4572K, committed 4928K, reserved 1048576K
}
Event: 4.990 GC heap before
{Heap before GC invocations=6 (full 0):
 garbage-first heap   total 89088K, used 27803K [0x0000000080000000, 0x0000000100000000)
  region size 1024K, 9 young (9216K), 6 survivors (6144K)
 Metaspace       used 35331K, committed 35968K, reserved 1114112K
  class space    used 4607K, committed 4928K, reserved 1048576K
}
Event: 4.993 GC heap after
{Heap after GC invocations=7 (full 0):
 garbage-first heap   total 89088K, used 26744K [0x0000000080000000, 0x0000000100000000)
  region size 1024K, 4 young (4096K), 4 survivors (4096K)
 Metaspace       used 35331K, committed 35968K, reserved 1114112K
  class space    used 4607K, committed 4928K, reserved 1048576K
}
Event: 5.932 GC heap before
{Heap before GC invocations=8 (full 0):
 garbage-first heap   total 89088K, used 72824K [0x0000000080000000, 0x0000000100000000)
  region size 1024K, 49 young (50176K), 4 survivors (4096K)
 Metaspace       used 41414K, committed 42432K, reserved 1114112K
  class space    used 5670K, committed 6144K, reserved 1048576K
}
Event: 5.936 GC heap after
{Heap after GC invocations=9 (full 0):
 garbage-first heap   total 89088K, used 28561K [0x0000000080000000, 0x0000000100000000)
  region size 1024K, 6 young (6144K), 6 survivors (6144K)
 Metaspace       used 41414K, committed 42432K, reserved 1114112K
  class space    used 5670K, committed 6144K, reserved 1048576K
}
Event: 7.469 GC heap before
{Heap before GC invocations=9 (full 0):
 garbage-first heap   total 89088K, used 74641K [0x0000000080000000, 0x0000000100000000)
  region size 1024K, 51 young (52224K), 6 survivors (6144K)
 Metaspace       used 48644K, committed 49920K, reserved 1114112K
  class space    used 6698K, committed 7296K, reserved 1048576K
}
Event: 7.476 GC heap after
{Heap after GC invocations=10 (full 0):
 garbage-first heap   total 89088K, used 32492K [0x0000000080000000, 0x0000000100000000)
  region size 1024K, 7 young (7168K), 7 survivors (7168K)
 Metaspace       used 48644K, committed 49920K, reserved 1114112K
  class space    used 6698K, committed 7296K, reserved 1048576K
}
Event: 9.562 GC heap before
{Heap before GC invocations=10 (full 0):
 garbage-first heap   total 89088K, used 76524K [0x0000000080000000, 0x0000000100000000)
  region size 1024K, 50 young (51200K), 7 survivors (7168K)
 Metaspace       used 54177K, committed 55680K, reserved 1114112K
  class space    used 7601K, committed 8320K, reserved 1048576K
}
Event: 9.568 GC heap after
{Heap after GC invocations=11 (full 0):
 garbage-first heap   total 89088K, used 35678K [0x0000000080000000, 0x0000000100000000)
  region size 1024K, 4 young (4096K), 4 survivors (4096K)
 Metaspace       used 54177K, committed 55680K, reserved 1114112K
  class space    used 7601K, committed 8320K, reserved 1048576K
}

